<?xml version="1.0" encoding="UTF-8"?>
<!-- Generated by org.testng.reporters.JUnitReportReporter -->
<testsuite hostname="DESKTOP-9B2JF5O" failures="0" tests="1" name="methods.AppIndependentMethods" time="1.199" errors="0" timestamp="2022-07-22T13:16:04 IST" skipped="0">
  <testcase classname="methods.AppIndependentMethods" name="executeTestSuite" time="1.199"/>
  <system-out/>
</testsuite> <!-- methods.AppIndependentMethods -->
