<?xml version="1.0" encoding="UTF-8"?>
<!-- Generated by org.testng.reporters.JUnitReportReporter -->
<testsuite hostname="DESKTOP-9B2JF5O" failures="0" tests="1" name="driver.DriverScript" time="1.247" errors="0" timestamp="2022-07-22T13:17:14 IST" skipped="0">
  <testcase classname="driver.DriverScript" name="executeTestSuite" time="1.247"/>
  <system-out/>
</testsuite> <!-- driver.DriverScript -->
