<?xml version="1.0" encoding="UTF-8"?>
<!-- Generated by org.testng.reporters.JUnitReportReporter -->
<testsuite hostname="DESKTOP-9B2JF5O" failures="0" tests="1" name="reports.ReportUtils" time="1.273" errors="0" timestamp="2022-07-22T13:19:48 IST" skipped="0">
  <testcase classname="reports.ReportUtils" name="executeTestSuite" time="1.273"/>
  <system-out/>
</testsuite> <!-- reports.ReportUtils -->
