<?xml version="1.0" encoding="UTF-8"?>
<!-- Generated by org.testng.reporters.JUnitReportReporter -->
<testsuite hostname="DESKTOP-9B2JF5O" failures="0" tests="1" name="testScripts.UserModuleScripts" time="1.377" errors="0" timestamp="2022-07-21T21:36:48 IST" skipped="0">
  <testcase classname="testScripts.UserModuleScripts" name="executeTestSuite" time="1.377"/>
  <system-out/>
</testsuite> <!-- testScripts.UserModuleScripts -->
