<?xml version="1.0" encoding="UTF-8"?>
<!-- Generated by org.testng.reporters.JUnitReportReporter -->
<testsuite hostname="DESKTOP-9B2JF5O" failures="0" tests="1" name="methods.AppDependentMethods" time="1.214" errors="0" timestamp="2022-07-22T13:20:19 IST" skipped="0">
  <testcase classname="methods.AppDependentMethods" name="executeTestSuite" time="1.214"/>
  <system-out/>
</testsuite> <!-- methods.AppDependentMethods -->
